This is pdfTeX, Version 3.14159265-2.6-1.40.16 (TeX Live 2015) (preloaded format=pdflatex 2016.5.19)  21 MAR 2017 21:35
entering extended mode
 restricted \write18 enabled.
 %&-line parsing enabled.
**main.tex
(./main.tex
LaTeX2e <2015/01/01>
Babel <3.9l> and hyphenation patterns for 79 languages loaded.
(./bioinfo.cls
Document Class: bioinfo 2003/02/08 0.1
(/usr/local/texlive/2015/texmf-dist/tex/latex/base/inputenc.sty
Package: inputenc 2015/03/17 v1.2c Input encoding file
\inpenc@prehook=\toks14
\inpenc@posthook=\toks15
) (./crop.sty
Package: crop 2001/11/16 v1.6 cropmarks (mf)
\CROP@width=\dimen102
\CROP@height=\dimen103
\CROP@index=\count79

(/usr/local/texlive/2015/texmf-dist/tex/latex/graphics/graphics.sty
Package: graphics 2014/10/28 v1.0p Standard LaTeX Graphics (DPC,SPQR)

(/usr/local/texlive/2015/texmf-dist/tex/latex/graphics/trig.sty
Package: trig 1999/03/16 v1.09 sin cos tan (DPC)
)
(/usr/local/texlive/2015/texmf-dist/tex/latex/latexconfig/graphics.cfg
File: graphics.cfg 2010/04/23 v1.9 graphics configuration of TeX Live
)
Package graphics Info: Driver file: pdftex.def on input line 94.

(/usr/local/texlive/2015/texmf-dist/tex/latex/pdftex-def/pdftex.def
File: pdftex.def 2011/05/27 v0.06d Graphics/color for pdfTeX

(/usr/local/texlive/2015/texmf-dist/tex/generic/oberdiek/infwarerr.sty
Package: infwarerr 2010/04/08 v1.3 Providing info/warning/error messages (HO)
)
(/usr/local/texlive/2015/texmf-dist/tex/generic/oberdiek/ltxcmds.sty
Package: ltxcmds 2011/11/09 v1.22 LaTeX kernel commands for general use (HO)
)
\Gread@gobject=\count80
))
\CROP@offset=\count81
Package crop Info: Local config file crop.cfg used on input line 344.

(./crop.cfg))
Package crop Info: using pdf(la)tex graphics driver on input line 31.
 (./graphicx.sty
Package: graphicx 1999/02/16 v1.0f Enhanced LaTeX Graphics (DPC,SPQR)

(/usr/local/texlive/2015/texmf-dist/tex/latex/graphics/keyval.sty
Package: keyval 2014/10/28 v1.15 key=value parser (DPC)
\KV@toks@=\toks16
)
\Gin@req@height=\dimen104
\Gin@req@width=\dimen105
)
(/usr/local/texlive/2015/texmf-dist/tex/latex/amsmath/amsmath.sty
Package: amsmath 2013/01/14 v2.14 AMS math features
\@mathmargin=\skip41

For additional information on amsmath, use the `?' option.
(/usr/local/texlive/2015/texmf-dist/tex/latex/amsmath/amstext.sty
Package: amstext 2000/06/29 v2.01

(/usr/local/texlive/2015/texmf-dist/tex/latex/amsmath/amsgen.sty
File: amsgen.sty 1999/11/30 v2.0
\@emptytoks=\toks17
\ex@=\dimen106
))
(/usr/local/texlive/2015/texmf-dist/tex/latex/amsmath/amsbsy.sty
Package: amsbsy 1999/11/29 v1.2d
\pmbraise@=\dimen107
)
(/usr/local/texlive/2015/texmf-dist/tex/latex/amsmath/amsopn.sty
Package: amsopn 1999/12/14 v2.01 operator names
)
\inf@bad=\count82
LaTeX Info: Redefining \frac on input line 210.
\uproot@=\count83
\leftroot@=\count84
LaTeX Info: Redefining \overline on input line 306.
\classnum@=\count85
\DOTSCASE@=\count86
LaTeX Info: Redefining \ldots on input line 378.
LaTeX Info: Redefining \dots on input line 381.
LaTeX Info: Redefining \cdots on input line 466.
\Mathstrutbox@=\box26
\strutbox@=\box27
\big@size=\dimen108
LaTeX Font Info:    Redeclaring font encoding OML on input line 566.
LaTeX Font Info:    Redeclaring font encoding OMS on input line 567.
\macc@depth=\count87
\c@MaxMatrixCols=\count88
\dotsspace@=\muskip10
\c@parentequation=\count89
\dspbrk@lvl=\count90
\tag@help=\toks18
\row@=\count91
\column@=\count92
\maxfields@=\count93
\andhelp@=\toks19
\eqnshift@=\dimen109
\alignsep@=\dimen110
\tagshift@=\dimen111
\tagwidth@=\dimen112
\totwidth@=\dimen113
\lineht@=\dimen114
\@envbody=\toks20
\multlinegap=\skip42
\multlinetaggap=\skip43
\mathdisplay@stack=\toks21
LaTeX Info: Redefining \[ on input line 2665.
LaTeX Info: Redefining \] on input line 2666.
) (./array.sty
Package: array 1998/05/13 v2.3m Tabular extension package (FMi)
\col@sep=\dimen115
\extrarowheight=\dimen116
\NC@list=\toks22
\extratabsurround=\skip44
\backup@length=\skip45
) (./color.sty
Package: color 1999/02/16 v1.0i Standard LaTeX Color (DPC)

(/usr/local/texlive/2015/texmf-dist/tex/latex/latexconfig/color.cfg
File: color.cfg 2007/01/18 v1.5 color configuration of teTeX/TeXLive
)
Package color Info: Driver file: pdftex.def on input line 125.
)
(/usr/local/texlive/2015/texmf-dist/tex/latex/amsfonts/amssymb.sty
Package: amssymb 2013/01/14 v3.01 AMS font symbols

(/usr/local/texlive/2015/texmf-dist/tex/latex/amsfonts/amsfonts.sty
Package: amsfonts 2013/01/14 v3.01 Basic AMSFonts support
\symAMSa=\mathgroup4
\symAMSb=\mathgroup5
LaTeX Font Info:    Overwriting math alphabet `\mathfrak' in version `bold'
(Font)                  U/euf/m/n --> U/euf/b/n on input line 106.
))
(./flushend.sty
Package: flushend 1997/10/01
\@aaa=\box28
\@ccc=\box29
\@viper=\box30
\hold@viper=\box31
\atColsBreak=\toks23
\@extra@skip=\dimen117
\@nd@page@rule=\dimen118
) (./stfloats.sty
Package: stfloats 1999/10/22
\@dblbotnum=\count94
\c@dblbotnumber=\count95
)
(/usr/local/texlive/2015/texmf-dist/tex/latex/amscls/amsthm.sty
Package: amsthm 2015/03/04 v2.20.2
\thm@style=\toks24
\thm@bodyfont=\toks25
\thm@headfont=\toks26
\thm@notefont=\toks27
\thm@headpunct=\toks28
\thm@preskip=\skip46
\thm@postskip=\skip47
\thm@headsep=\skip48
\dth@everypar=\toks29
)
(./chngpage.sty
Package: chngpage 2001/01/31 v1.1b change page layout
\c@cp@cnt=\count96
\c@cp@tempcnt=\count97
) (/usr/local/texlive/2015/texmf-dist/tex/latex/psnfss/times.sty
Package: times 2005/04/12 PSNFSS-v9.2a (SPQR) 
) (/usr/local/texlive/2015/texmf-dist/tex/latex/base/fontenc.sty
Package: fontenc 2005/09/27 v1.99g Standard LaTeX package

(/usr/local/texlive/2015/texmf-dist/tex/latex/ly1/ly1enc.def
File: ly1enc.def 2009/07/22 v0.7 TeX 'n ANSI encoding (DPC/KB)
)
LaTeX Font Info:    Try loading font information for LY1+ptm on input line 105.


(/usr/local/texlive/2015/texmf-dist/tex/latex/ly1/ly1ptm.fd
File: ly1ptm.fd 2001/02/01 font definitions for LY1/ptm using Berry names.
))
\c@section=\count98
\c@subsection=\count99
\c@subsubsection=\count100
\c@paragraph=\count101
\c@subparagraph=\count102
\c@figure=\count103
\c@table=\count104
\dropfromtop=\skip49
\extraspace=\skip50
\aboveskipchk=\skip51
\abovecaptionskip=\skip52
\belowcaptionskip=\skip53
\rotdimen=\dimen119
\tempdime=\dimen120
\temptbox=\box32
 (./natbib.sty
Package: natbib 2000/07/24 7.0a (PWD)
\bibhang=\skip54
\bibsep=\skip55
LaTeX Info: Redefining \cite on input line 508.
\c@NAT@ctr=\count105
))
(/usr/local/texlive/2015/texmf-dist/tex/latex/datetime/datetime.sty
Package: datetime 2015/03/20 v2.60 Date Time Package

(/usr/local/texlive/2015/texmf-dist/tex/latex/etoolbox/etoolbox.sty
Package: etoolbox 2015/05/04 v2.2 e-TeX tools for LaTeX (JAW)
\etb@tempcnta=\count106
)
(/usr/local/texlive/2015/texmf-dist/tex/latex/fmtcount/fmtcount.sty
Package: fmtcount 2015/05/05 v3.01

(/usr/local/texlive/2015/texmf-dist/tex/latex/base/ifthen.sty
Package: ifthen 2014/09/29 v1.1c Standard LaTeX ifthen package (DPC)
)
(/usr/local/texlive/2015/texmf-dist/tex/latex/xkeyval/xkeyval.sty
Package: xkeyval 2014/12/03 v2.7a package option processing (HA)

(/usr/local/texlive/2015/texmf-dist/tex/generic/xkeyval/xkeyval.tex
(/usr/local/texlive/2015/texmf-dist/tex/generic/xkeyval/xkvutils.tex
\XKV@toks=\toks30
\XKV@tempa@toks=\toks31
)
\XKV@depth=\count107
File: xkeyval.tex 2014/12/03 v2.7a key=value parser (HA)
))
(/usr/local/texlive/2015/texmf-dist/tex/latex/fmtcount/fcprefix.sty
Package: fcprefix 2012/09/28

(/usr/local/texlive/2015/texmf-dist/tex/latex/fmtcount/fcnumparser.sty
Package: fcnumparser 2012/09/28
\fc@digit@counter=\count108
))
(/usr/local/texlive/2015/texmf-dist/tex/generic/ifxetex/ifxetex.sty
Package: ifxetex 2010/09/12 v0.6 Provides ifxetex conditional
)
\c@padzeroesN=\count109
\fc@tmpcatcode=\count110
\@DT@modctr=\count111
\@ordinalctr=\count112
\@orgargctr=\count113
\@strctr=\count114
\@tmpstrctr=\count115
\@DT@loopN=\count116
\@DT@X=\count117

(/usr/local/texlive/2015/texmf-dist/tex/latex/fmtcount/fc-english.def
File: fc-english.def 2013/08/17
))
(/usr/local/texlive/2015/texmf-dist/tex/latex/datetime/datetime-defaults.sty
Package: datetime-defaults 2013/09/10
)
\@day=\count118
\@month=\count119
\@year=\count120
\c@HOUR=\count121
\c@HOURXII=\count122
\c@MINUTE=\count123
\c@TOHOUR=\count124
\c@TOMINUTE=\count125
\c@SECOND=\count126
\currenthour=\count127
\currentminute=\count128
\currentsecond=\count129
Package datetime Info: No datetime.cfg file found, using default settings on in
put line 308.
\@dtctr=\count130
\dayofyear=\count131
\dayofweek=\count132
\dt@a=\toks32
\dt@b=\toks33
)
(./main.aux)
\openout1 = `main.aux'.

LaTeX Font Info:    Checking defaults for OML/cmm/m/it on input line 11.
LaTeX Font Info:    ... okay on input line 11.
LaTeX Font Info:    Checking defaults for T1/cmr/m/n on input line 11.
LaTeX Font Info:    ... okay on input line 11.
LaTeX Font Info:    Checking defaults for OT1/cmr/m/n on input line 11.
LaTeX Font Info:    ... okay on input line 11.
LaTeX Font Info:    Checking defaults for OMS/cmsy/m/n on input line 11.
LaTeX Font Info:    ... okay on input line 11.
LaTeX Font Info:    Checking defaults for OMX/cmex/m/n on input line 11.
LaTeX Font Info:    ... okay on input line 11.
LaTeX Font Info:    Checking defaults for U/cmr/m/n on input line 11.
LaTeX Font Info:    ... okay on input line 11.
LaTeX Font Info:    Checking defaults for LY1/ptm/m/n on input line 11.
LaTeX Font Info:    ... okay on input line 11.
 (/usr/local/texlive/2015/texmf-dist/tex/context/base/supp-pdf.mkii
[Loading MPS to PDF converter (version 2006.09.02).]
\scratchcounter=\count133
\scratchdimen=\dimen121
\scratchbox=\box33
\nofMPsegments=\count134
\nofMParguments=\count135
\everyMPshowfont=\toks34
\MPscratchCnt=\count136
\MPscratchDim=\dimen122
\MPnumerator=\count137
\makeMPintoPDFobject=\count138
\everyMPtoPDFconversion=\toks35
) (/usr/local/texlive/2015/texmf-dist/tex/generic/oberdiek/pdftexcmds.sty
Package: pdftexcmds 2011/11/29 v0.20 Utility functions of pdfTeX for LuaTeX (HO
)

(/usr/local/texlive/2015/texmf-dist/tex/generic/oberdiek/ifluatex.sty
Package: ifluatex 2010/03/01 v1.3 Provides the ifluatex switch (HO)
Package ifluatex Info: LuaTeX not detected.
)
(/usr/local/texlive/2015/texmf-dist/tex/generic/oberdiek/ifpdf.sty
Package: ifpdf 2011/01/30 v2.3 Provides the ifpdf switch (HO)
Package ifpdf Info: pdfTeX in PDF mode is detected.
)
Package pdftexcmds Info: LuaTeX not detected.
Package pdftexcmds Info: \pdf@primitive is available.
Package pdftexcmds Info: \pdf@ifprimitive is available.
Package pdftexcmds Info: \pdfdraftmode found.
)
(/usr/local/texlive/2015/texmf-dist/tex/latex/oberdiek/epstopdf-base.sty
Package: epstopdf-base 2010/02/09 v2.5 Base part for package epstopdf

(/usr/local/texlive/2015/texmf-dist/tex/latex/oberdiek/grfext.sty
Package: grfext 2010/08/19 v1.1 Manage graphics extensions (HO)

(/usr/local/texlive/2015/texmf-dist/tex/generic/oberdiek/kvdefinekeys.sty
Package: kvdefinekeys 2011/04/07 v1.3 Define keys (HO)
))
(/usr/local/texlive/2015/texmf-dist/tex/latex/oberdiek/kvoptions.sty
Package: kvoptions 2011/06/30 v3.11 Key value format for package options (HO)

(/usr/local/texlive/2015/texmf-dist/tex/generic/oberdiek/kvsetkeys.sty
Package: kvsetkeys 2012/04/25 v1.16 Key value parser (HO)

(/usr/local/texlive/2015/texmf-dist/tex/generic/oberdiek/etexcmds.sty
Package: etexcmds 2011/02/16 v1.5 Avoid name clashes with e-TeX commands (HO)
Package etexcmds Info: Could not find \expanded.
(etexcmds)             That can mean that you are not using pdfTeX 1.50 or
(etexcmds)             that some package has redefined \expanded.
(etexcmds)             In the latter case, load this package earlier.
)))
Package grfext Info: Graphics extension search list:
(grfext)             [.png,.pdf,.jpg,.mps,.jpeg,.jbig2,.jb2,.PNG,.PDF,.JPG,.JPE
G,.JBIG2,.JB2,.eps]
(grfext)             \AppendGraphicsExtensions on input line 452.

(/usr/local/texlive/2015/texmf-dist/tex/latex/latexconfig/epstopdf-sys.cfg
File: epstopdf-sys.cfg 2010/07/13 v1.3 Configuration of (r)epstopdf for TeX Liv
e
))
LaTeX Font Info:    Try loading font information for LY1+phv on input line 32.

(/usr/local/texlive/2015/texmf-dist/tex/latex/ly1/ly1phv.fd
File: ly1phv.fd 2001/02/01 scalable font definitions for LY1/phv using Berry na
mes.
)
LaTeX Font Info:    Try loading font information for U+msa on input line 32.

(/usr/local/texlive/2015/texmf-dist/tex/latex/amsfonts/umsa.fd
File: umsa.fd 2013/01/14 v3.01 AMS symbols A
)
LaTeX Font Info:    Try loading font information for U+msb on input line 32.

(/usr/local/texlive/2015/texmf-dist/tex/latex/amsfonts/umsb.fd
File: umsb.fd 2013/01/14 v3.01 AMS symbols B
)
<ucl_logo.jpg, id=1, 593.21625pt x 711.65875pt>
File: ucl_logo.jpg Graphic file (type jpg)
 <use ucl_logo.jpg>
Package pdftex.def Info: ucl_logo.jpg used on input line 32.
(pdftex.def)             Requested size: 177.96625pt x 213.49927pt.

Overfull \hbox (14.36058pt too wide) detected at line 32
[] []
 []

LaTeX Font Info:    Font shape `LY1/phv/bx/n' in size <8> not available
(Font)              Font shape `LY1/phv/b/n' tried instead on input line 32.
LaTeX Font Info:    Font shape `LY1/phv/bx/n' in size <18> not available
(Font)              Font shape `LY1/phv/b/n' tried instead on input line 32.
LaTeX Font Info:    Font shape `LY1/phv/bx/n' in size <12> not available
(Font)              Font shape `LY1/phv/b/n' tried instead on input line 32.
LaTeX Font Info:    Font shape `LY1/phv/bx/n' in size <10> not available
(Font)              Font shape `LY1/phv/b/n' tried instead on input line 32.
LaTeX Font Info:    Font shape `LY1/phv/bx/n' in size <9> not available
(Font)              Font shape `LY1/phv/b/n' tried instead on input line 32.
LaTeX Font Info:    Font shape `LY1/phv/m/it' in size <9> not available
(Font)              Font shape `LY1/phv/m/sl' tried instead on input line 32.

Underfull \hbox (badness 10000) in paragraph at lines 32--32

 []


Underfull \hbox (badness 10000) detected at line 32
[]
 []

LaTeX Font Info:    Font shape `LY1/ptm/bx/n' in size <8> not available
(Font)              Font shape `LY1/ptm/b/n' tried instead on input line 36.

Underfull \hbox (badness 10000) in paragraph at lines 36--38

 []


Underfull \hbox (badness 10000) in paragraph at lines 42--44

 []


Underfull \hbox (badness 10000) in paragraph at lines 49--50

 []


Underfull \vbox (badness 10000) has occurred while \output is active []


Underfull \hbox (badness 1132) in paragraph at lines 55--56
\LY1/ptm/m/n/8 It seems important to mention that before proceeding the \LY1/pt
m/b/n/8 feature
 []

LaTeX Font Info:    Font shape `LY1/phv/bx/n' in size <7> not available
(Font)              Font shape `LY1/phv/b/n' tried instead on input line 70.

Overfull \hbox (1.12001pt too wide) has occurred while \output is active
 []
 []

[1{/usr/local/texlive/2015/texmf-var/fonts/map/pdftex/updmap/pdftex.map}



 <./ucl_logo.jpg>]

LaTeX Warning: Reference `fig:02' on page 2 undefined on input line 142.


Package natbib Warning: Citation `Boffelli03' on page 2 undefined on input line
 144.


LaTeX Warning: Reference `fig:02' on page 2 undefined on input line 147.


Package natbib Warning: Citation `Boffelli03' on page 2 undefined on input line
 149.


LaTeX Warning: Reference `fig:02' on page 2 undefined on input line 152.


Package natbib Warning: Citation `Boffelli03' on page 2 undefined on input line
 154.

LaTeX Font Info:    Font shape `LY1/phv/m/it' in size <8> not available
(Font)              Font shape `LY1/phv/m/sl' tried instead on input line 158.

Overfull \hbox (252.0pt too wide) has occurred while \output is active
[][] 
 []

[2]

LaTeX Warning: Reference `fig:02' on page 3 undefined on input line 165.


Package natbib Warning: Citation `Boffelli03' on page 3 undefined on input line
 167.


LaTeX Warning: Reference `fig:02' on page 3 undefined on input line 170.


Package natbib Warning: Citation `Boffelli03' on page 3 undefined on input line
 172.


LaTeX Warning: Reference `fig:02' on page 3 undefined on input line 175.


Package natbib Warning: Citation `Boffelli03' on page 3 undefined on input line
 177.


LaTeX Warning: Reference `fig:02' on page 3 undefined on input line 180.


Package natbib Warning: Citation `Boffelli03' on page 3 undefined on input line
 182.


LaTeX Warning: Reference `fig:02' on page 3 undefined on input line 188.


Package natbib Warning: Citation `Boffelli03' on page 3 undefined on input line
 190.


LaTeX Warning: Reference `fig:02' on page 3 undefined on input line 193.


Package natbib Warning: Citation `Boffelli03' on page 3 undefined on input line
 195.


LaTeX Warning: Reference `fig:02' on page 3 undefined on input line 198.


Package natbib Warning: Citation `Boffelli03' on page 3 undefined on input line
 200.


LaTeX Warning: Reference `fig:02' on page 3 undefined on input line 203.


Package natbib Warning: Citation `Boffelli03' on page 3 undefined on input line
 205.


LaTeX Warning: Reference `fig:02' on page 3 undefined on input line 212.


Package natbib Warning: Citation `Boffelli03' on page 3 undefined on input line
 214.


LaTeX Warning: Reference `fig:02' on page 3 undefined on input line 217.


Package natbib Warning: Citation `Boffelli03' on page 3 undefined on input line
 219.


LaTeX Warning: Reference `fig:02' on page 3 undefined on input line 222.


Package natbib Warning: Citation `Boffelli03' on page 3 undefined on input line
 224.


LaTeX Warning: Reference `fig:02' on page 3 undefined on input line 230.


Package natbib Warning: Citation `Boffelli03' on page 3 undefined on input line
 232.


LaTeX Warning: Reference `fig:02' on page 3 undefined on input line 235.


Package natbib Warning: Citation `Boffelli03' on page 3 undefined on input line
 237.


LaTeX Warning: Reference `fig:02' on page 3 undefined on input line 245.


Package natbib Warning: Citation `Boffelli03' on page 3 undefined on input line
 247.


LaTeX Warning: Reference `fig:02' on page 3 undefined on input line 250.


Package natbib Warning: Citation `Boffelli03' on page 3 undefined on input line
 252.


LaTeX Warning: Reference `fig:02' on page 3 undefined on input line 255.


Package natbib Warning: Citation `Boffelli03' on page 3 undefined on input line
 257.


LaTeX Warning: Reference `fig:02' on page 3 undefined on input line 260.


Package natbib Warning: Citation `Boffelli03' on page 3 undefined on input line
 262.


LaTeX Warning: Reference `fig:02' on page 3 undefined on input line 265.


Package natbib Warning: Citation `Boffelli03' on page 3 undefined on input line
 267.


LaTeX Warning: Reference `fig:02' on page 3 undefined on input line 270.


Package natbib Warning: Citation `Boffelli03' on page 3 undefined on input line
 272.


LaTeX Warning: Reference `fig:02' on page 3 undefined on input line 275.


Package natbib Warning: Citation `Boffelli03' on page 3 undefined on input line
 277.


Underfull \vbox (badness 10000) has occurred while \output is active []


Overfull \hbox (252.0pt too wide) has occurred while \output is active
[][] 
 []

[3]

LaTeX Warning: Reference `fig:02' on page 4 undefined on input line 286.


Package natbib Warning: Citation `Boffelli03' on page 4 undefined on input line
 288.


LaTeX Warning: Reference `fig:02' on page 4 undefined on input line 291.


Package natbib Warning: Citation `Boffelli03' on page 4 undefined on input line
 293.


LaTeX Warning: Reference `fig:02' on page 4 undefined on input line 296.


Package natbib Warning: Citation `Boffelli03' on page 4 undefined on input line
 298.


LaTeX Warning: Reference `fig:02' on page 4 undefined on input line 304.


Package natbib Warning: Citation `Boffelli03' on page 4 undefined on input line
 306.


LaTeX Warning: Reference `fig:02' on page 4 undefined on input line 309.


Package natbib Warning: Citation `Boffelli03' on page 4 undefined on input line
 311.


LaTeX Warning: Reference `fig:02' on page 4 undefined on input line 314.


Package natbib Warning: Citation `Boffelli03' on page 4 undefined on input line
 316.


LaTeX Warning: Reference `fig:02' on page 4 undefined on input line 322.


Package natbib Warning: Citation `Boffelli03' on page 4 undefined on input line
 324.


LaTeX Warning: Reference `fig:02' on page 4 undefined on input line 327.


Package natbib Warning: Citation `Boffelli03' on page 4 undefined on input line
 329.


LaTeX Warning: Reference `fig:02' on page 4 undefined on input line 332.


Package natbib Warning: Citation `Boffelli03' on page 4 undefined on input line
 334.


LaTeX Warning: Reference `fig:02' on page 4 undefined on input line 337.


Package natbib Warning: Citation `Boffelli03' on page 4 undefined on input line
 339.


LaTeX Warning: Reference `fig:02' on page 4 undefined on input line 342.


Package natbib Warning: Citation `Boffelli03' on page 4 undefined on input line
 344.


LaTeX Warning: Reference `fig:02' on page 4 undefined on input line 347.


Package natbib Warning: Citation `Boffelli03' on page 4 undefined on input line
 349.


LaTeX Warning: Reference `fig:02' on page 4 undefined on input line 352.


Package natbib Warning: Citation `Boffelli03' on page 4 undefined on input line
 354.


LaTeX Warning: Reference `fig:02' on page 4 undefined on input line 363.


Package natbib Warning: Citation `Boffelli03' on page 4 undefined on input line
 365.


LaTeX Warning: Reference `fig:02' on page 4 undefined on input line 368.


Package natbib Warning: Citation `Boffelli03' on page 4 undefined on input line
 370.


LaTeX Warning: Reference `fig:02' on page 4 undefined on input line 373.


Package natbib Warning: Citation `Boffelli03' on page 4 undefined on input line
 375.


Underfull \vbox (badness 10000) has occurred while \output is active []



LaTeX Warning: Reference `fig:02' on page 4 undefined on input line 381.


Package natbib Warning: Citation `Boffelli03' on page 4 undefined on input line
 383.


LaTeX Warning: Reference `fig:02' on page 4 undefined on input line 386.


Package natbib Warning: Citation `Boffelli03' on page 4 undefined on input line
 388.


LaTeX Warning: Reference `fig:02' on page 4 undefined on input line 391.


Package natbib Warning: Citation `Boffelli03' on page 4 undefined on input line
 393.


LaTeX Warning: Reference `fig:02' on page 4 undefined on input line 398.


Package natbib Warning: Citation `Boffelli03' on page 4 undefined on input line
 400.


LaTeX Warning: Reference `fig:02' on page 4 undefined on input line 403.


Package natbib Warning: Citation `Boffelli03' on page 4 undefined on input line
 405.


LaTeX Warning: Reference `fig:02' on page 4 undefined on input line 408.


Package natbib Warning: Citation `Boffelli03' on page 4 undefined on input line
 410.


LaTeX Warning: Reference `fig:02' on page 4 undefined on input line 414.


Package natbib Warning: Citation `Boffelli03' on page 4 undefined on input line
 416.


LaTeX Warning: Reference `fig:02' on page 4 undefined on input line 419.


Package natbib Warning: Citation `Boffelli03' on page 4 undefined on input line
 421.


LaTeX Warning: Reference `fig:02' on page 4 undefined on input line 424.


Package natbib Warning: Citation `Boffelli03' on page 4 undefined on input line
 426.


LaTeX Warning: Reference `fig:02' on page 4 undefined on input line 429.


Package natbib Warning: Citation `Boffelli03' on page 4 undefined on input line
 431.


LaTeX Warning: Reference `fig:02' on page 4 undefined on input line 438.


Package natbib Warning: Citation `Boffelli03' on page 4 undefined on input line
 440.


LaTeX Warning: Reference `fig:02' on page 4 undefined on input line 443.


Package natbib Warning: Citation `Boffelli03' on page 4 undefined on input line
 445.


LaTeX Warning: Reference `fig:02' on page 4 undefined on input line 448.


Package natbib Warning: Citation `Boffelli03' on page 4 undefined on input line
 450.

LaTeX Font Info:    Calculating math sizes for size <7.5> on input line 459.

LaTeX Font Warning: Font shape `OT1/cmr/m/n' in size <7.5> not available
(Font)              size <7> substituted on input line 459.


LaTeX Font Warning: Font shape `OT1/cmr/m/n' in size <3.75> not available
(Font)              size <5> substituted on input line 459.


LaTeX Font Warning: Font shape `OML/cmm/m/it' in size <7.5> not available
(Font)              size <7> substituted on input line 459.


LaTeX Font Warning: Font shape `OML/cmm/m/it' in size <3.75> not available
(Font)              size <5> substituted on input line 459.


LaTeX Font Warning: Font shape `OMS/cmsy/m/n' in size <7.5> not available
(Font)              size <7> substituted on input line 459.


LaTeX Font Warning: Font shape `OMS/cmsy/m/n' in size <3.75> not available
(Font)              size <5> substituted on input line 459.

LaTeX Font Info:    Try loading font information for LY1+phb on input line 459.

LaTeX Font Info:    No file LY1phb.fd. on input line 459.

LaTeX Font Warning: Font shape `LY1/phb/m/n' undefined
(Font)              using `LY1/ptm/m/n' instead on input line 459.


LaTeX Font Warning: Font shape `LY1/phb/bx/n' undefined
(Font)              using `LY1/phb/m/n' instead on input line 459.


Overfull \hbox (12.0pt too wide) in paragraph at lines 459--459
[]$[]$ 
 []


Overfull \hbox (1.0pt too wide) in paragraph at lines 467--469
[][][][][][][] 
 []

LaTeX Font Info:    Font shape `LY1/phv/bx/n' in size <6.5> not available
(Font)              Font shape `LY1/phv/b/n' tried instead on input line 469.

Overfull \hbox (252.0pt too wide) has occurred while \output is active
[][] 
 []

[4]

LaTeX Warning: Reference `fig:02' on page 5 undefined on input line 479.


Package natbib Warning: Citation `Boffelli03' on page 5 undefined on input line
 481.


LaTeX Warning: Reference `fig:02' on page 5 undefined on input line 484.


Package natbib Warning: Citation `Boffelli03' on page 5 undefined on input line
 486.


LaTeX Warning: Reference `fig:02' on page 5 undefined on input line 489.


Package natbib Warning: Citation `Boffelli03' on page 5 undefined on input line
 491.


LaTeX Warning: Reference `fig:02' on page 5 undefined on input line 498.


Package natbib Warning: Citation `Boffelli03' on page 5 undefined on input line
 500.


LaTeX Warning: Reference `fig:02' on page 5 undefined on input line 503.


Package natbib Warning: Citation `Boffelli03' on page 5 undefined on input line
 505.


LaTeX Warning: Reference `fig:02' on page 5 undefined on input line 508.


Package natbib Warning: Citation `Boffelli03' on page 5 undefined on input line
 510.


LaTeX Warning: Reference `fig:02' on page 5 undefined on input line 520.


Package natbib Warning: Citation `Boffelli03' on page 5 undefined on input line
 522.


LaTeX Warning: Reference `fig:02' on page 5 undefined on input line 525.


Package natbib Warning: Citation `Boffelli03' on page 5 undefined on input line
 527.


LaTeX Warning: Reference `fig:02' on page 5 undefined on input line 534.


LaTeX Warning: Reference `fig:02' on page 5 undefined on input line 536.


LaTeX Warning: Reference `fig:02' on page 5 undefined on input line 538.


LaTeX Warning: Reference `fig:02' on page 5 undefined on input line 565.


Package natbib Warning: Citation `Boffelli03' on page 5 undefined on input line
 567.


LaTeX Warning: Reference `fig:02' on page 5 undefined on input line 570.


Package natbib Warning: Citation `Boffelli03' on page 5 undefined on input line
 572.


LaTeX Warning: Reference `fig:02' on page 5 undefined on input line 575.


LaTeX Warning: Reference `fig:02' on page 5 undefined on input line 582.


Package natbib Warning: Citation `Boffelli03' on page 5 undefined on input line
 584.


LaTeX Warning: Reference `fig:02' on page 5 undefined on input line 594.


Package natbib Warning: Citation `Boffelli03' on page 5 undefined on input line
 596.


LaTeX Warning: Reference `fig:02' on page 5 undefined on input line 599.


Package natbib Warning: Citation `Boffelli03' on page 5 undefined on input line
 601.


Underfull \vbox (badness 10000) has occurred while \output is active []


Overfull \hbox (252.0pt too wide) has occurred while \output is active
[][] 
 []

[5]

LaTeX Warning: Reference `fig:02' on page 6 undefined on input line 608.


Package natbib Warning: Citation `Boffelli03' on page 6 undefined on input line
 614.

Extra height:0.0pt when 162.99348pt
(2)Left:162.99348pt Right:143.98698pt Output:162.99348pt
- LAST -
Extra skip:0.0pt
Left:162.99348pt
Right:143.98698pt
Output:162.99348pt

Overfull \hbox (252.0pt too wide) has occurred while \output is active
[][] 
 []

[6

]

Package natbib Warning: There were undefined citations.

(./main.aux)

LaTeX Font Warning: Size substitutions with differences
(Font)              up to 1.25pt have occurred.


LaTeX Font Warning: Some font shapes were not available, defaults substituted.


LaTeX Warning: There were undefined references.

 ) 
Here is how much of TeX's memory you used:
 4844 strings out of 493089
 62120 string characters out of 6134842
 159449 words of memory out of 5000000
 8209 multiletter control sequences out of 15000+600000
 43047 words of font info for 69 fonts, out of 8000000 for 9000
 1145 hyphenation exceptions out of 8191
 38i,10n,35p,986b,356s stack positions out of 5000i,500n,10000p,200000b,80000s
{/usr/local/texlive/2015/texmf-dist/fonts/enc/dvips/ly1/texnansi.enc}</usr/lo
cal/texlive/2015/texmf-dist/fonts/type1/public/amsfonts/cm/cmmi8.pfb></usr/loca
l/texlive/2015/texmf-dist/fonts/type1/public/amsfonts/cm/cmr6.pfb></usr/local/t
exlive/2015/texmf-dist/fonts/type1/public/amsfonts/cm/cmsy7.pfb></usr/local/tex
live/2015/texmf-dist/fonts/type1/public/amsfonts/cm/cmsy8.pfb></usr/local/texli
ve/2015/texmf-dist/fonts/type1/urw/helvetic/uhvb8a.pfb></usr/local/texlive/2015
/texmf-dist/fonts/type1/urw/helvetic/uhvr8a.pfb></usr/local/texlive/2015/texmf-
dist/fonts/type1/urw/helvetic/uhvr8ac.pfb></usr/local/texlive/2015/texmf-dist/f
onts/type1/urw/helvetic/uhvro8a.pfb></usr/local/texlive/2015/texmf-dist/fonts/t
ype1/urw/helvetic/uhvro8ac.pfb></usr/local/texlive/2015/texmf-dist/fonts/type1/
urw/times/utmb8a.pfb></usr/local/texlive/2015/texmf-dist/fonts/type1/urw/times/
utmr8a.pfb></usr/local/texlive/2015/texmf-dist/fonts/type1/urw/times/utmri8a.pf
b>
Output written on main.pdf (6 pages, 170578 bytes).
PDF statistics:
 73 PDF objects out of 1000 (max. 8388607)
 51 compressed objects within 1 object stream
 0 named destinations out of 1000 (max. 500000)
 6 words of extra memory for PDF output out of 10000 (max. 10000000)

